======================================================================
CIEL/Ω — Quantum Consciousness System v2.0
======================================================================
Inicjalizacja komponentów...
  [1/7] CIEL Engine...
  [2/7] Fourier Wave Consciousness Kernel 12D...
  [3/7] Emotional Collatz Engine (CQCL)...
  [4/7] Ethics Guard...
  [5/7] Memory Orchestrator...
  [6/7] Soul Invariant Σ...
  [7/7] Intention Field (12D)...
✓ System zainicjalizowany pomyślnie
======================================================================

{
  "before_unified_euler_violation": 0.11704559278270737,
  "after_unified_euler_violation": 0.11704559278270737,
  "closure_score": 0.8774775781652473,
  "target_phase": 1.2598748002775397,
  "regulation_strength": 0.05934432074916049,
  "rolled_back": true,
  "sector_euler_violation": {
    "memory": 0.04349778141899053,
    "core": 0.006842244416632862,
    "vocabulary": 0.25104926072128825,
    "affect": 0.18434369377420456
  },
  "sector_phase_sector": {
    "memory": 1.0434977814189905,
    "core": 1.006842244416633,
    "vocabulary": 1.2510492607212882,
    "affect": 2.8156563062257955
  },
  "pairwise_phase_tension": {
    "memory:core": 0.036655537002357574,
    "memory:vocabulary": 0.22311784024996997,
    "memory:affect": 1.8607664510471453,
    "core:vocabulary": 0.2625225425275044,
    "core:affect": 1.8992547648996208,
    "vocabulary:affect": 1.7601829261925708
  },
  "semantic_symbols": [
    "constraint.euler"
  ]
}
